<?xml version="1.0" encoding="UTF-8"?>
<testng-results skipped="0" failed="0" ignored="0" total="4" passed="4">
  <reporter-output>
  </reporter-output>
  <suite name="Suite" duration-ms="36939" started-at="2018-05-30T23:43:24Z" finished-at="2018-05-30T23:44:01Z">
    <groups>
    </groups>
    <test name="Test1" duration-ms="7979" started-at="2018-05-30T23:43:24Z" finished-at="2018-05-30T23:43:32Z">
      <class name="com.sri.sample.Test2">
        <test-method status="PASS" signature="beforeClass()[pri:0, instance:com.sri.sample.Test2@19c0f4a]" name="beforeClass" is-config="true" duration-ms="15" started-at="2018-05-30T23:43:24Z" finished-at="2018-05-30T23:43:24Z">
          <reporter-output>
          </reporter-output>
        </test-method> <!-- beforeClass -->
        <test-method status="PASS" signature="beforeTest(java.lang.String, java.lang.String)[pri:0, instance:com.sri.sample.Test2@19c0f4a]" name="beforeTest" is-config="true" duration-ms="5174" started-at="2018-05-30T23:43:24Z" finished-at="2018-05-30T23:43:29Z">
          <params>
            <param index="0">
              <value>
                <![CDATA[https://www.gmail.com]]>
              </value>
            </param>
            <param index="1">
              <value>
                <![CDATA[ie]]>
              </value>
            </param>
          </params>
          <reporter-output>
          </reporter-output>
        </test-method> <!-- beforeTest -->
        <test-method status="PASS" signature="f3()[pri:1, instance:com.sri.sample.Test2@19c0f4a]" name="f3" duration-ms="3" started-at="2018-05-30T23:43:29Z" finished-at="2018-05-30T23:43:29Z">
          <reporter-output>
          </reporter-output>
        </test-method> <!-- f3 -->
        <test-method status="PASS" signature="afterTest()[pri:0, instance:com.sri.sample.Test2@19c0f4a]" name="afterTest" is-config="true" duration-ms="0" started-at="2018-05-30T23:43:29Z" finished-at="2018-05-30T23:43:29Z">
          <reporter-output>
          </reporter-output>
        </test-method> <!-- afterTest -->
        <test-method status="PASS" signature="beforeTest(java.lang.String, java.lang.String)[pri:0, instance:com.sri.sample.Test2@19c0f4a]" name="beforeTest" is-config="true" duration-ms="2754" started-at="2018-05-30T23:43:29Z" finished-at="2018-05-30T23:43:32Z">
          <params>
            <param index="0">
              <value>
                <![CDATA[https://www.gmail.com]]>
              </value>
            </param>
            <param index="1">
              <value>
                <![CDATA[ie]]>
              </value>
            </param>
          </params>
          <reporter-output>
          </reporter-output>
        </test-method> <!-- beforeTest -->
        <test-method status="PASS" signature="f2()[pri:2, instance:com.sri.sample.Test2@19c0f4a]" name="f2" duration-ms="1" started-at="2018-05-30T23:43:32Z" finished-at="2018-05-30T23:43:32Z">
          <reporter-output>
          </reporter-output>
        </test-method> <!-- f2 -->
        <test-method status="PASS" signature="afterTest()[pri:0, instance:com.sri.sample.Test2@19c0f4a]" name="afterTest" is-config="true" duration-ms="0" started-at="2018-05-30T23:43:32Z" finished-at="2018-05-30T23:43:32Z">
          <reporter-output>
          </reporter-output>
        </test-method> <!-- afterTest -->
        <test-method status="PASS" signature="afterClass()[pri:0, instance:com.sri.sample.Test2@19c0f4a]" name="afterClass" is-config="true" duration-ms="0" started-at="2018-05-30T23:43:32Z" finished-at="2018-05-30T23:43:32Z">
          <reporter-output>
          </reporter-output>
        </test-method> <!-- afterClass -->
      </class> <!-- com.sri.sample.Test2 -->
    </test> <!-- Test1 -->
    <test name="Test" duration-ms="36939" started-at="2018-05-30T23:43:24Z" finished-at="2018-05-30T23:44:01Z">
      <class name="com.sri.sample.Test2">
        <test-method status="PASS" signature="beforeClass()[pri:0, instance:com.sri.sample.Test2@70fda8]" name="beforeClass" is-config="true" duration-ms="15" started-at="2018-05-30T23:43:24Z" finished-at="2018-05-30T23:43:24Z">
          <reporter-output>
          </reporter-output>
        </test-method> <!-- beforeClass -->
        <test-method status="PASS" signature="beforeTest(java.lang.String, java.lang.String)[pri:0, instance:com.sri.sample.Test2@70fda8]" name="beforeTest" is-config="true" duration-ms="19456" started-at="2018-05-30T23:43:24Z" finished-at="2018-05-30T23:43:44Z">
          <params>
            <param index="0">
              <value>
                <![CDATA[https://www.gmail.com]]>
              </value>
            </param>
            <param index="1">
              <value>
                <![CDATA[firefox]]>
              </value>
            </param>
          </params>
          <reporter-output>
          </reporter-output>
        </test-method> <!-- beforeTest -->
        <test-method status="PASS" signature="f3()[pri:1, instance:com.sri.sample.Test2@70fda8]" name="f3" duration-ms="1" started-at="2018-05-30T23:43:44Z" finished-at="2018-05-30T23:43:44Z">
          <reporter-output>
          </reporter-output>
        </test-method> <!-- f3 -->
        <test-method status="PASS" signature="afterTest()[pri:0, instance:com.sri.sample.Test2@70fda8]" name="afterTest" is-config="true" duration-ms="0" started-at="2018-05-30T23:43:44Z" finished-at="2018-05-30T23:43:44Z">
          <reporter-output>
          </reporter-output>
        </test-method> <!-- afterTest -->
        <test-method status="PASS" signature="beforeTest(java.lang.String, java.lang.String)[pri:0, instance:com.sri.sample.Test2@70fda8]" name="beforeTest" is-config="true" duration-ms="17431" started-at="2018-05-30T23:43:44Z" finished-at="2018-05-30T23:44:01Z">
          <params>
            <param index="0">
              <value>
                <![CDATA[https://www.gmail.com]]>
              </value>
            </param>
            <param index="1">
              <value>
                <![CDATA[firefox]]>
              </value>
            </param>
          </params>
          <reporter-output>
          </reporter-output>
        </test-method> <!-- beforeTest -->
        <test-method status="PASS" signature="f2()[pri:2, instance:com.sri.sample.Test2@70fda8]" name="f2" duration-ms="1" started-at="2018-05-30T23:44:01Z" finished-at="2018-05-30T23:44:01Z">
          <reporter-output>
          </reporter-output>
        </test-method> <!-- f2 -->
        <test-method status="PASS" signature="afterTest()[pri:0, instance:com.sri.sample.Test2@70fda8]" name="afterTest" is-config="true" duration-ms="1" started-at="2018-05-30T23:44:01Z" finished-at="2018-05-30T23:44:01Z">
          <reporter-output>
          </reporter-output>
        </test-method> <!-- afterTest -->
        <test-method status="PASS" signature="afterClass()[pri:0, instance:com.sri.sample.Test2@70fda8]" name="afterClass" is-config="true" duration-ms="0" started-at="2018-05-30T23:44:01Z" finished-at="2018-05-30T23:44:01Z">
          <reporter-output>
          </reporter-output>
        </test-method> <!-- afterClass -->
      </class> <!-- com.sri.sample.Test2 -->
    </test> <!-- Test -->
  </suite> <!-- Suite -->
</testng-results>
