<?xml version="1.0" encoding="UTF-8"?>
<testng-results skipped="0" failed="0" ignored="0" total="4" passed="4">
  <reporter-output>
  </reporter-output>
  <suite name="Suite" duration-ms="31448" started-at="2018-05-30T23:13:51Z" finished-at="2018-05-30T23:14:23Z">
    <groups>
    </groups>
    <test name="Test1" duration-ms="6777" started-at="2018-05-30T23:13:51Z" finished-at="2018-05-30T23:13:58Z">
      <class name="com.sri.sample.Test2">
        <test-method status="PASS" signature="beforeClass()[pri:0, instance:com.sri.sample.Test2@19c0f4a]" name="beforeClass" is-config="true" duration-ms="10" started-at="2018-05-30T23:13:51Z" finished-at="2018-05-30T23:13:51Z">
          <reporter-output>
          </reporter-output>
        </test-method> <!-- beforeClass -->
        <test-method status="PASS" signature="beforeTest(java.lang.String, java.lang.String)[pri:0, instance:com.sri.sample.Test2@19c0f4a]" name="beforeTest" is-config="true" duration-ms="3833" started-at="2018-05-30T23:13:51Z" finished-at="2018-05-30T23:13:55Z">
          <params>
            <param index="0">
              <value>
                <![CDATA[https://www.gmail.com]]>
              </value>
            </param>
            <param index="1">
              <value>
                <![CDATA[ie]]>
              </value>
            </param>
          </params>
          <reporter-output>
          </reporter-output>
        </test-method> <!-- beforeTest -->
        <test-method status="PASS" signature="f3()[pri:1, instance:com.sri.sample.Test2@19c0f4a]" name="f3" duration-ms="7" started-at="2018-05-30T23:13:55Z" finished-at="2018-05-30T23:13:55Z">
          <reporter-output>
          </reporter-output>
        </test-method> <!-- f3 -->
        <test-method status="PASS" signature="afterTest()[pri:0, instance:com.sri.sample.Test2@19c0f4a]" name="afterTest" is-config="true" duration-ms="0" started-at="2018-05-30T23:13:55Z" finished-at="2018-05-30T23:13:55Z">
          <reporter-output>
          </reporter-output>
        </test-method> <!-- afterTest -->
        <test-method status="PASS" signature="beforeTest(java.lang.String, java.lang.String)[pri:0, instance:com.sri.sample.Test2@19c0f4a]" name="beforeTest" is-config="true" duration-ms="2894" started-at="2018-05-30T23:13:55Z" finished-at="2018-05-30T23:13:58Z">
          <params>
            <param index="0">
              <value>
                <![CDATA[https://www.gmail.com]]>
              </value>
            </param>
            <param index="1">
              <value>
                <![CDATA[ie]]>
              </value>
            </param>
          </params>
          <reporter-output>
          </reporter-output>
        </test-method> <!-- beforeTest -->
        <test-method status="PASS" signature="f2()[pri:2, instance:com.sri.sample.Test2@19c0f4a]" name="f2" duration-ms="0" started-at="2018-05-30T23:13:58Z" finished-at="2018-05-30T23:13:58Z">
          <reporter-output>
          </reporter-output>
        </test-method> <!-- f2 -->
        <test-method status="PASS" signature="afterTest()[pri:0, instance:com.sri.sample.Test2@19c0f4a]" name="afterTest" is-config="true" duration-ms="1" started-at="2018-05-30T23:13:58Z" finished-at="2018-05-30T23:13:58Z">
          <reporter-output>
          </reporter-output>
        </test-method> <!-- afterTest -->
        <test-method status="PASS" signature="afterClass()[pri:0, instance:com.sri.sample.Test2@19c0f4a]" name="afterClass" is-config="true" duration-ms="0" started-at="2018-05-30T23:13:58Z" finished-at="2018-05-30T23:13:58Z">
          <reporter-output>
          </reporter-output>
        </test-method> <!-- afterClass -->
      </class> <!-- com.sri.sample.Test2 -->
    </test> <!-- Test1 -->
    <test name="Test" duration-ms="31448" started-at="2018-05-30T23:13:51Z" finished-at="2018-05-30T23:14:23Z">
      <class name="com.sri.sample.Test2">
        <test-method status="PASS" signature="beforeClass()[pri:0, instance:com.sri.sample.Test2@70fda8]" name="beforeClass" is-config="true" duration-ms="10" started-at="2018-05-30T23:13:51Z" finished-at="2018-05-30T23:13:51Z">
          <reporter-output>
          </reporter-output>
        </test-method> <!-- beforeClass -->
        <test-method status="PASS" signature="beforeTest(java.lang.String, java.lang.String)[pri:0, instance:com.sri.sample.Test2@70fda8]" name="beforeTest" is-config="true" duration-ms="15812" started-at="2018-05-30T23:13:51Z" finished-at="2018-05-30T23:14:07Z">
          <params>
            <param index="0">
              <value>
                <![CDATA[https://www.gmail.com]]>
              </value>
            </param>
            <param index="1">
              <value>
                <![CDATA[firefox]]>
              </value>
            </param>
          </params>
          <reporter-output>
          </reporter-output>
        </test-method> <!-- beforeTest -->
        <test-method status="PASS" signature="f3()[pri:1, instance:com.sri.sample.Test2@70fda8]" name="f3" duration-ms="2" started-at="2018-05-30T23:14:07Z" finished-at="2018-05-30T23:14:07Z">
          <reporter-output>
          </reporter-output>
        </test-method> <!-- f3 -->
        <test-method status="PASS" signature="afterTest()[pri:0, instance:com.sri.sample.Test2@70fda8]" name="afterTest" is-config="true" duration-ms="0" started-at="2018-05-30T23:14:07Z" finished-at="2018-05-30T23:14:07Z">
          <reporter-output>
          </reporter-output>
        </test-method> <!-- afterTest -->
        <test-method status="PASS" signature="beforeTest(java.lang.String, java.lang.String)[pri:0, instance:com.sri.sample.Test2@70fda8]" name="beforeTest" is-config="true" duration-ms="15593" started-at="2018-05-30T23:14:07Z" finished-at="2018-05-30T23:14:23Z">
          <params>
            <param index="0">
              <value>
                <![CDATA[https://www.gmail.com]]>
              </value>
            </param>
            <param index="1">
              <value>
                <![CDATA[firefox]]>
              </value>
            </param>
          </params>
          <reporter-output>
          </reporter-output>
        </test-method> <!-- beforeTest -->
        <test-method status="PASS" signature="f2()[pri:2, instance:com.sri.sample.Test2@70fda8]" name="f2" duration-ms="2" started-at="2018-05-30T23:14:23Z" finished-at="2018-05-30T23:14:23Z">
          <reporter-output>
          </reporter-output>
        </test-method> <!-- f2 -->
        <test-method status="PASS" signature="afterTest()[pri:0, instance:com.sri.sample.Test2@70fda8]" name="afterTest" is-config="true" duration-ms="1" started-at="2018-05-30T23:14:23Z" finished-at="2018-05-30T23:14:23Z">
          <reporter-output>
          </reporter-output>
        </test-method> <!-- afterTest -->
        <test-method status="PASS" signature="afterClass()[pri:0, instance:com.sri.sample.Test2@70fda8]" name="afterClass" is-config="true" duration-ms="0" started-at="2018-05-30T23:14:23Z" finished-at="2018-05-30T23:14:23Z">
          <reporter-output>
          </reporter-output>
        </test-method> <!-- afterClass -->
      </class> <!-- com.sri.sample.Test2 -->
    </test> <!-- Test -->
  </suite> <!-- Suite -->
</testng-results>
